{
  "0 debug pnpm:scope": {
    "selected": 1
  },
  "1 error pnpm": {
    "errno": 1,
    "code": "ELIFECYCLE",
    "pkgid": "sifat07.github.io@0.1.0",
    "stage": "clean",
    "script": "rimraf \"**/node_modules\"",
    "pkgname": "sifat07.github.io",
    "err": {
      "name": "pnpm",
      "message": "sifat07.github.io@0.1.0 clean: `rimraf \"**/node_modules\"`\nExit status 1",
      "code": "ELIFECYCLE",
      "stack": "pnpm: sifat07.github.io@0.1.0 clean: `rimraf \"**/node_modules\"`\nExit status 1\n    at EventEmitter.<anonymous> (C:\\Users\\User\\AppData\\Roaming\\npm\\pnpm-global\\5\\node_modules\\.pnpm\\pnpm@6.29.0\\node_modules\\pnpm\\dist\\pnpm.cjs:105640:20)\n    at EventEmitter.emit (node:events:394:28)\n    at ChildProcess.<anonymous> (C:\\Users\\User\\AppData\\Roaming\\npm\\pnpm-global\\5\\node_modules\\.pnpm\\pnpm@6.29.0\\node_modules\\pnpm\\dist\\pnpm.cjs:92188:18)\n    at ChildProcess.emit (node:events:394:28)\n    at maybeClose (node:internal/child_process:1064:16)\n    at Process.ChildProcess._handle.onexit (node:internal/child_process:301:5)"
    }
  },
  "2 warn pnpm:global": " Local package.json exists, but node_modules missing, did you mean to install?"
}